# JRE version: OpenJDK Runtime Environment Temurin-21.0.12.1+1 (21.0.12.1+1) (build 21.0.12.1+1-LTS)
# Java VM: OpenJDK 64-Bit Server VM Temurin-21.0.12.1+1 (21.0.12.1+1-LTS, mixed mode, sharing, tiered, compressed oops, compressed class ptrs, parallel gc, windows-amd64)
GC Precious Log:
 CardTable entry size: 512
 CPUs: 8 total, 8 available
 Memory: 7865M
 Large Page Support: Disabled
 NUMA Support: Disabled
 Compressed Oops: Enabled (32-bit)
 Alignments: Space 512K, Generation 512K, Heap 2M
 Heap Min Capacity: 100M
 Heap Initial Capacity: 100M
 Heap Max Capacity: 2G
 Pre-touch: Disabled
 Parallel Workers: 8
Heap:
 PSYoungGen      total 8704K, used 5311K [0x00000000d5580000, 0x00000000d6080000, 0x0000000100000000)
  eden space 8192K, 58% used [0x00000000d5580000,0x00000000d5a33f98,0x00000000d5d80000)
  from space 512K, 96% used [0x00000000d6000000,0x00000000d607c010,0x00000000d6080000)
  to   space 1024K, 0% used [0x00000000d5e80000,0x00000000d5e80000,0x00000000d5f80000)
 ParOldGen       total 680960K, used 680466K [0x0000000080000000, 0x00000000a9900000, 0x00000000d5580000)
  object space 680960K, 99% used [0x0000000080000000,0x00000000a9884a88,0x00000000a9900000)
 Metaspace       used 81932K, committed 83520K, reserved 1179648K
  class space    used 8610K, committed 9344K, reserved 1048576K
GC Heap History (20 events):
Event: 230320.117 GC heap before
{Heap before GC invocations=1118 (full 4):
 PSYoungGen      total 9216K, used 9216K [0x00000000d5580000, 0x00000000d6380000, 0x0000000100000000)
  eden space 8192K, 100% used [0x00000000d5580000,0x00000000d5d80000,0x00000000d5d80000)
  from space 1024K, 100% used [0x00000000d6280000,0x00000000d6380000,0x00000000d6380000)
  to   space 1536K, 0% used [0x00000000d6080000,0x00000000d6080000,0x00000000d6200000)
 ParOldGen       total 679424K, used 679006K [0x0000000080000000, 0x00000000a9780000, 0x00000000d5580000)
  object space 679424K, 99% used [0x0000000080000000,0x00000000a9717a18,0x00000000a9780000)
 Metaspace       used 81733K, committed 83328K, reserved 1179648K
  class space    used 8608K, committed 9280K, reserved 1048576K
}
Event: 230320.320 GC heap after
{Heap after GC invocations=1118 (full 4):
 PSYoungGen      total 9728K, used 1120K [0x00000000d5580000, 0x00000000d6300000, 0x0000000100000000)
  eden space 8192K, 0% used [0x00000000d5580000,0x00000000d5580000,0x00000000d5d80000)
  from space 1536K, 72% used [0x00000000d6080000,0x00000000d6198000,0x00000000d6200000)
  to   space 1024K, 0% used [0x00000000d6200000,0x00000000d6200000,0x00000000d6300000)
 ParOldGen       total 679424K, used 679046K [0x0000000080000000, 0x00000000a9780000, 0x00000000d5580000)
  object space 679424K, 99% used [0x0000000080000000,0x00000000a9721a18,0x00000000a9780000)
 Metaspace       used 81733K, committed 83328K, reserved 1179648K
  class space    used 8608K, committed 9280K, reserved 1048576K
}
Event: 231242.337 GC heap before
{Heap before GC invocations=1119 (full 4):
 PSYoungGen      total 9728K, used 9312K [0x00000000d5580000, 0x00000000d6300000, 0x0000000100000000)
  eden space 8192K, 100% used [0x00000000d5580000,0x00000000d5d80000,0x00000000d5d80000)
  from space 1536K, 72% used [0x00000000d6080000,0x00000000d6198000,0x00000000d6200000)
  to   space 1024K, 0% used [0x00000000d6200000,0x00000000d6200000,0x00000000d6300000)
 ParOldGen       total 679424K, used 679046K [0x0000000080000000, 0x00000000a9780000, 0x00000000d5580000)
  object space 679424K, 99% used [0x0000000080000000,0x00000000a9721a18,0x00000000a9780000)
 Metaspace       used 81747K, committed 83392K, reserved 1179648K
  class space    used 8610K, committed 9344K, reserved 1048576K
}
Event: 231242.585 GC heap after
{Heap after GC invocations=1119 (full 4):
 PSYoungGen      total 9216K, used 1024K [0x00000000d5580000, 0x00000000d6300000, 0x0000000100000000)
  eden space 8192K, 0% used [0x00000000d5580000,0x00000000d5580000,0x00000000d5d80000)
  from space 1024K, 100% used [0x00000000d6200000,0x00000000d6300000,0x00000000d6300000)
  to   space 1536K, 0% used [0x00000000d6000000,0x00000000d6000000,0x00000000d6180000)
 ParOldGen       total 679424K, used 679234K [0x0000000080000000, 0x00000000a9780000, 0x00000000d5580000)
  object space 679424K, 99% used [0x0000000080000000,0x00000000a9750a58,0x00000000a9780000)
 Metaspace       used 81747K, committed 83392K, reserved 1179648K
  class space    used 8610K, committed 9344K, reserved 1048576K
}
Event: 231576.919 GC heap before
{Heap before GC invocations=1120 (full 4):
 PSYoungGen      total 9216K, used 9216K [0x00000000d5580000, 0x00000000d6300000, 0x0000000100000000)
  eden space 8192K, 100% used [0x00000000d5580000,0x00000000d5d80000,0x00000000d5d80000)
  from space 1024K, 100% used [0x00000000d6200000,0x00000000d6300000,0x00000000d6300000)
  to   space 1536K, 0% used [0x00000000d6000000,0x00000000d6000000,0x00000000d6180000)
 ParOldGen       total 679424K, used 679234K [0x0000000080000000, 0x00000000a9780000, 0x00000000d5580000)
  object space 679424K, 99% used [0x0000000080000000,0x00000000a9750a58,0x00000000a9780000)
 Metaspace       used 81765K, committed 83392K, reserved 1179648K
  class space    used 8610K, committed 9344K, reserved 1048576K
}
Event: 231577.257 GC heap after
{Heap after GC invocations=1120 (full 4):
 PSYoungGen      total 9728K, used 1120K [0x00000000d5580000, 0x00000000d6280000, 0x0000000100000000)
  eden space 8192K, 0% used [0x00000000d5580000,0x00000000d5580000,0x00000000d5d80000)
  from space 1536K, 72% used [0x00000000d6000000,0x00000000d6118000,0x00000000d6180000)
  to   space 1024K, 0% used [0x00000000d6180000,0x00000000d6180000,0x00000000d6280000)
 ParOldGen       total 679424K, used 679250K [0x0000000080000000, 0x00000000a9780000, 0x00000000d5580000)
  object space 679424K, 99% used [0x0000000080000000,0x00000000a9754a58,0x00000000a9780000)
 Metaspace       used 81765K, committed 83392K, reserved 1179648K
  class space    used 8610K, committed 9344K, reserved 1048576K
}
Event: 233319.514 GC heap before
{Heap before GC invocations=1121 (full 4):
 PSYoungGen      total 9728K, used 9312K [0x00000000d5580000, 0x00000000d6280000, 0x0000000100000000)
  eden space 8192K, 100% used [0x00000000d5580000,0x00000000d5d80000,0x00000000d5d80000)
  from space 1536K, 72% used [0x00000000d6000000,0x00000000d6118000,0x00000000d6180000)
  to   space 1024K, 0% used [0x00000000d6180000,0x00000000d6180000,0x00000000d6280000)
 ParOldGen       total 679424K, used 679250K [0x0000000080000000, 0x00000000a9780000, 0x00000000d5580000)
  object space 679424K, 99% used [0x0000000080000000,0x00000000a9754a58,0x00000000a9780000)
 Metaspace       used 81775K, committed 83392K, reserved 1179648K
  class space    used 8610K, committed 9344K, reserved 1048576K
}
Event: 233319.861 GC heap after
{Heap after GC invocations=1121 (full 4):
 PSYoungGen      total 9216K, used 1024K [0x00000000d5580000, 0x00000000d6280000, 0x0000000100000000)
  eden space 8192K, 0% used [0x00000000d5580000,0x00000000d5580000,0x00000000d5d80000)
  from space 1024K, 100% used [0x00000000d6180000,0x00000000d6280000,0x00000000d6280000)
  to   space 1536K, 0% used [0x00000000d5f80000,0x00000000d5f80000,0x00000000d6100000)
 ParOldGen       total 679424K, used 679394K [0x0000000080000000, 0x00000000a9780000, 0x00000000d5580000)
  object space 679424K, 99% used [0x0000000080000000,0x00000000a9778a58,0x00000000a9780000)
 Metaspace       used 81775K, committed 83392K, reserved 1179648K
  class space    used 8610K, committed 9344K, reserved 1048576K
}
Event: 233967.333 GC heap before
{Heap before GC invocations=1122 (full 4):
 PSYoungGen      total 9216K, used 9216K [0x00000000d5580000, 0x00000000d6280000, 0x0000000100000000)
  eden space 8192K, 100% used [0x00000000d5580000,0x00000000d5d80000,0x00000000d5d80000)
  from space 1024K, 100% used [0x00000000d6180000,0x00000000d6280000,0x00000000d6280000)
  to   space 1536K, 0% used [0x00000000d5f80000,0x00000000d5f80000,0x00000000d6100000)
 ParOldGen       total 679424K, used 679394K [0x0000000080000000, 0x00000000a9780000, 0x00000000d5580000)
  object space 679424K, 99% used [0x0000000080000000,0x00000000a9778a58,0x00000000a9780000)
 Metaspace       used 81784K, committed 83392K, reserved 1179648K
  class space    used 8610K, committed 9344K, reserved 1048576K
}
Event: 233967.610 GC heap after
{Heap after GC invocations=1122 (full 4):
 PSYoungGen      total 9728K, used 1360K [0x00000000d5580000, 0x00000000d6200000, 0x0000000100000000)
  eden space 8192K, 0% used [0x00000000d5580000,0x00000000d5580000,0x00000000d5d80000)
  from space 1536K, 88% used [0x00000000d5f80000,0x00000000d60d4050,0x00000000d6100000)
  to   space 1024K, 0% used [0x00000000d6100000,0x00000000d6100000,0x00000000d6200000)
 ParOldGen       total 679424K, used 679410K [0x0000000080000000, 0x00000000a9780000, 0x00000000d5580000)
  object space 679424K, 99% used [0x0000000080000000,0x00000000a977ca58,0x00000000a9780000)
 Metaspace       used 81784K, committed 83392K, reserved 1179648K
  class space    used 8610K, committed 9344K, reserved 1048576K
}
Event: 235048.601 GC heap before
{Heap before GC invocations=1123 (full 4):
 PSYoungGen      total 9728K, used 9552K [0x00000000d5580000, 0x00000000d6200000, 0x0000000100000000)
  eden space 8192K, 100% used [0x00000000d5580000,0x00000000d5d80000,0x00000000d5d80000)
  from space 1536K, 88% used [0x00000000d5f80000,0x00000000d60d4050,0x00000000d6100000)
  to   space 1024K, 0% used [0x00000000d6100000,0x00000000d6100000,0x00000000d6200000)
 ParOldGen       total 679424K, used 679410K [0x0000000080000000, 0x00000000a9780000, 0x00000000d5580000)
  object space 679424K, 99% used [0x0000000080000000,0x00000000a977ca58,0x00000000a9780000)
 Metaspace       used 81800K, committed 83456K, reserved 1179648K
  class space    used 8610K, committed 9344K, reserved 1048576K
}
Event: 235048.902 GC heap after
{Heap after GC invocations=1123 (full 4):
 PSYoungGen      total 9216K, used 1024K [0x00000000d5580000, 0x00000000d6200000, 0x0000000100000000)
  eden space 8192K, 0% used [0x00000000d5580000,0x00000000d5580000,0x00000000d5d80000)
  from space 1024K, 100% used [0x00000000d6100000,0x00000000d6200000,0x00000000d6200000)
  to   space 1536K, 0% used [0x00000000d5f00000,0x00000000d5f00000,0x00000000d6080000)
 ParOldGen       total 679936K, used 679578K [0x0000000080000000, 0x00000000a9800000, 0x00000000d5580000)
  object space 679936K, 99% used [0x0000000080000000,0x00000000a97a6a88,0x00000000a9800000)
 Metaspace       used 81800K, committed 83456K, reserved 1179648K
  class space    used 8610K, committed 9344K, reserved 1048576K
}
Event: 235721.786 GC heap before
{Heap before GC invocations=1124 (full 4):
 PSYoungGen      total 9216K, used 9216K [0x00000000d5580000, 0x00000000d6200000, 0x0000000100000000)
  eden space 8192K, 100% used [0x00000000d5580000,0x00000000d5d80000,0x00000000d5d80000)
  from space 1024K, 100% used [0x00000000d6100000,0x00000000d6200000,0x00000000d6200000)
  to   space 1536K, 0% used [0x00000000d5f00000,0x00000000d5f00000,0x00000000d6080000)
 ParOldGen       total 679936K, used 679578K [0x0000000080000000, 0x00000000a9800000, 0x00000000d5580000)
  object space 679936K, 99% used [0x0000000080000000,0x00000000a97a6a88,0x00000000a9800000)
 Metaspace       used 81805K, committed 83456K, reserved 1179648K
  class space    used 8610K, committed 9344K, reserved 1048576K
}
Event: 235722.025 GC heap after
{Heap after GC invocations=1124 (full 4):
 PSYoungGen      total 9728K, used 1056K [0x00000000d5580000, 0x00000000d6180000, 0x0000000100000000)
  eden space 8192K, 0% used [0x00000000d5580000,0x00000000d5580000,0x00000000d5d80000)
  from space 1536K, 68% used [0x00000000d5f00000,0x00000000d6008000,0x00000000d6080000)
  to   space 1024K, 0% used [0x00000000d6080000,0x00000000d6080000,0x00000000d6180000)
 ParOldGen       total 679936K, used 679730K [0x0000000080000000, 0x00000000a9800000, 0x00000000d5580000)
  object space 679936K, 99% used [0x0000000080000000,0x00000000a97cca88,0x00000000a9800000)
 Metaspace       used 81805K, committed 83456K, reserved 1179648K
  class space    used 8610K, committed 9344K, reserved 1048576K
}
Event: 236210.595 GC heap before
{Heap before GC invocations=1125 (full 4):
 PSYoungGen      total 9728K, used 9248K [0x00000000d5580000, 0x00000000d6180000, 0x0000000100000000)
  eden space 8192K, 100% used [0x00000000d5580000,0x00000000d5d80000,0x00000000d5d80000)
  from space 1536K, 68% used [0x00000000d5f00000,0x00000000d6008000,0x00000000d6080000)
  to   space 1024K, 0% used [0x00000000d6080000,0x00000000d6080000,0x00000000d6180000)
 ParOldGen       total 679936K, used 679730K [0x0000000080000000, 0x00000000a9800000, 0x00000000d5580000)
  object space 679936K, 99% used [0x0000000080000000,0x00000000a97cca88,0x00000000a9800000)
 Metaspace       used 81839K, committed 83456K, reserved 1179648K
  class space    used 8610K, committed 9344K, reserved 1048576K
}
Event: 236210.850 GC heap after
{Heap after GC invocations=1125 (full 4):
 PSYoungGen      total 9216K, used 1024K [0x00000000d5580000, 0x00000000d6180000, 0x0000000100000000)
  eden space 8192K, 0% used [0x00000000d5580000,0x00000000d5580000,0x00000000d5d80000)
  from space 1024K, 100% used [0x00000000d6080000,0x00000000d6180000,0x00000000d6180000)
  to   space 1536K, 0% used [0x00000000d5e80000,0x00000000d5e80000,0x00000000d6000000)
 ParOldGen       total 679936K, used 679778K [0x0000000080000000, 0x00000000a9800000, 0x00000000d5580000)
  object space 679936K, 99% used [0x0000000080000000,0x00000000a97d8a88,0x00000000a9800000)
 Metaspace       used 81839K, committed 83456K, reserved 1179648K
  class space    used 8610K, committed 9344K, reserved 1048576K
}
Event: 236767.053 GC heap before
{Heap before GC invocations=1126 (full 4):
 PSYoungGen      total 9216K, used 9216K [0x00000000d5580000, 0x00000000d6180000, 0x0000000100000000)
  eden space 8192K, 100% used [0x00000000d5580000,0x00000000d5d80000,0x00000000d5d80000)
  from space 1024K, 100% used [0x00000000d6080000,0x00000000d6180000,0x00000000d6180000)
  to   space 1536K, 0% used [0x00000000d5e80000,0x00000000d5e80000,0x00000000d6000000)
 ParOldGen       total 679936K, used 679778K [0x0000000080000000, 0x00000000a9800000, 0x00000000d5580000)
  object space 679936K, 99% used [0x0000000080000000,0x00000000a97d8a88,0x00000000a9800000)
 Metaspace       used 81889K, committed 83520K, reserved 1179648K
  class space    used 8610K, committed 9344K, reserved 1048576K
}
Event: 236767.273 GC heap after
{Heap after GC invocations=1126 (full 4):
 PSYoungGen      total 9728K, used 512K [0x00000000d5580000, 0x00000000d6100000, 0x0000000100000000)
  eden space 8192K, 0% used [0x00000000d5580000,0x00000000d5580000,0x00000000d5d80000)
  from space 1536K, 33% used [0x00000000d5e80000,0x00000000d5f00000,0x00000000d6000000)
  to   space 1024K, 0% used [0x00000000d6000000,0x00000000d6000000,0x00000000d6100000)
 ParOldGen       total 680960K, used 680466K [0x0000000080000000, 0x00000000a9900000, 0x00000000d5580000)
  object space 680960K, 99% used [0x0000000080000000,0x00000000a9884a88,0x00000000a9900000)
 Metaspace       used 81889K, committed 83520K, reserved 1179648K
  class space    used 8610K, committed 9344K, reserved 1048576K
}
Event: 237354.181 GC heap before
{Heap before GC invocations=1127 (full 4):
 PSYoungGen      total 9728K, used 8704K [0x00000000d5580000, 0x00000000d6100000, 0x0000000100000000)
  eden space 8192K, 100% used [0x00000000d5580000,0x00000000d5d80000,0x00000000d5d80000)
  from space 1536K, 33% used [0x00000000d5e80000,0x00000000d5f00000,0x00000000d6000000)
  to   space 1024K, 0% used [0x00000000d6000000,0x00000000d6000000,0x00000000d6100000)
 ParOldGen       total 680960K, used 680466K [0x0000000080000000, 0x00000000a9900000, 0x00000000d5580000)
  object space 680960K, 99% used [0x0000000080000000,0x00000000a9884a88,0x00000000a9900000)
 Metaspace       used 81927K, committed 83520K, reserved 1179648K
  class space    used 8610K, committed 9344K, reserved 1048576K
}
Event: 237354.503 GC heap after
{Heap after GC invocations=1127 (full 4):
 PSYoungGen      total 8704K, used 496K [0x00000000d5580000, 0x00000000d6080000, 0x0000000100000000)
  eden space 8192K, 0% used [0x00000000d5580000,0x00000000d5580000,0x00000000d5d80000)
  from space 512K, 96% used [0x00000000d6000000,0x00000000d607c010,0x00000000d6080000)
  to   space 1024K, 0% used [0x00000000d5e80000,0x00000000d5e80000,0x00000000d5f80000)
 ParOldGen       total 680960K, used 680466K [0x0000000080000000, 0x00000000a9900000, 0x00000000d5580000)
  object space 680960K, 99% used [0x0000000080000000,0x00000000a9884a88,0x00000000a9900000)
 Metaspace       used 81927K, committed 83520K, reserved 1179648K
  class space    used 8610K, committed 9344K, reserved 1048576K
}

